Analysis & Synthesis report for mips_single_cycle
Tue Dec 06 15:22:35 2016
Quartus Prime Version 15.1.1 Build 189 12/02/2015 SJ Lite Edition


---------------------
; Table of Contents ;
---------------------
  1. Legal Notice
  2. Analysis & Synthesis Summary
  3. Analysis & Synthesis Settings
  4. Parallel Compilation
  5. Analysis & Synthesis Source Files Read
  6. Analysis & Synthesis Resource Usage Summary
  7. Analysis & Synthesis Resource Utilization by Entity
  8. Registers Removed During Synthesis
  9. General Register Statistics
 10. Multiplexer Restructuring Statistics (Restructuring Performed)
 11. Post-Synthesis Netlist Statistics for Top Partition
 12. Elapsed Time Per Partition
 13. Analysis & Synthesis Messages



----------------
; Legal Notice ;
----------------
Copyright (C) 1991-2015 Altera Corporation. All rights reserved.
Your use of Altera Corporation's design tools, logic functions 
and other software and tools, and its AMPP partner logic 
functions, and any output files from any of the foregoing 
(including device programming or simulation files), and any 
associated documentation or information are expressly subject 
to the terms and conditions of the Altera Program License 
Subscription Agreement, the Altera Quartus Prime License Agreement,
the Altera MegaCore Function License Agreement, or other 
applicable license agreement, including, without limitation, 
that your use is for the sole purpose of programming logic 
devices manufactured by Altera and sold by Altera or its 
authorized distributors.  Please refer to the applicable 
agreement for further details.



+----------------------------------------------------------------------------------+
; Analysis & Synthesis Summary                                                     ;
+------------------------------------+---------------------------------------------+
; Analysis & Synthesis Status        ; Successful - Tue Dec 06 15:22:35 2016       ;
; Quartus Prime Version              ; 15.1.1 Build 189 12/02/2015 SJ Lite Edition ;
; Revision Name                      ; mips_single_cycle                           ;
; Top-level Entity Name              ; PCupdate                                    ;
; Family                             ; Cyclone IV E                                ;
; Total logic elements               ; 116                                         ;
;     Total combinational functions  ; 116                                         ;
;     Dedicated logic registers      ; 30                                          ;
; Total registers                    ; 30                                          ;
; Total pins                         ; 95                                          ;
; Total virtual pins                 ; 0                                           ;
; Total memory bits                  ; 0                                           ;
; Embedded Multiplier 9-bit elements ; 0                                           ;
; Total PLLs                         ; 0                                           ;
+------------------------------------+---------------------------------------------+


+----------------------------------------------------------------------------------------------------------------------+
; Analysis & Synthesis Settings                                                                                        ;
+----------------------------------------------------------------------------+--------------------+--------------------+
; Option                                                                     ; Setting            ; Default Value      ;
+----------------------------------------------------------------------------+--------------------+--------------------+
; Device                                                                     ; EP4CE115F29C7      ;                    ;
; Top-level entity name                                                      ; PCupdate           ; mips_single_cycle  ;
; Family name                                                                ; Cyclone IV E       ; Cyclone V          ;
; VHDL Show LMF Mapping Messages                                             ; Off                ;                    ;
; VHDL Version                                                               ; VHDL_2008          ; VHDL_1993          ;
; Use smart compilation                                                      ; Off                ; Off                ;
; Enable parallel Assembler and TimeQuest Timing Analyzer during compilation ; On                 ; On                 ;
; Enable compact report table                                                ; Off                ; Off                ;
; Restructure Multiplexers                                                   ; Auto               ; Auto               ;
; Create Debugging Nodes for IP Cores                                        ; Off                ; Off                ;
; Preserve fewer node names                                                  ; On                 ; On                 ;
; Disable OpenCore Plus hardware evaluation                                  ; Off                ; Off                ;
; Verilog Version                                                            ; Verilog_2001       ; Verilog_2001       ;
; State Machine Processing                                                   ; Auto               ; Auto               ;
; Safe State Machine                                                         ; Off                ; Off                ;
; Extract Verilog State Machines                                             ; On                 ; On                 ;
; Extract VHDL State Machines                                                ; On                 ; On                 ;
; Ignore Verilog initial constructs                                          ; Off                ; Off                ;
; Iteration limit for constant Verilog loops                                 ; 5000               ; 5000               ;
; Iteration limit for non-constant Verilog loops                             ; 250                ; 250                ;
; Add Pass-Through Logic to Inferred RAMs                                    ; On                 ; On                 ;
; Infer RAMs from Raw Logic                                                  ; On                 ; On                 ;
; Parallel Synthesis                                                         ; On                 ; On                 ;
; DSP Block Balancing                                                        ; Auto               ; Auto               ;
; NOT Gate Push-Back                                                         ; On                 ; On                 ;
; Power-Up Don't Care                                                        ; On                 ; On                 ;
; Remove Redundant Logic Cells                                               ; Off                ; Off                ;
; Remove Duplicate Registers                                                 ; On                 ; On                 ;
; Ignore CARRY Buffers                                                       ; Off                ; Off                ;
; Ignore CASCADE Buffers                                                     ; Off                ; Off                ;
; Ignore GLOBAL Buffers                                                      ; Off                ; Off                ;
; Ignore ROW GLOBAL Buffers                                                  ; Off                ; Off                ;
; Ignore LCELL Buffers                                                       ; Off                ; Off                ;
; Ignore SOFT Buffers                                                        ; On                 ; On                 ;
; Limit AHDL Integers to 32 Bits                                             ; Off                ; Off                ;
; Optimization Technique                                                     ; Balanced           ; Balanced           ;
; Carry Chain Length                                                         ; 70                 ; 70                 ;
; Auto Carry Chains                                                          ; On                 ; On                 ;
; Auto Open-Drain Pins                                                       ; On                 ; On                 ;
; Perform WYSIWYG Primitive Resynthesis                                      ; Off                ; Off                ;
; Auto ROM Replacement                                                       ; On                 ; On                 ;
; Auto RAM Replacement                                                       ; On                 ; On                 ;
; Auto DSP Block Replacement                                                 ; On                 ; On                 ;
; Auto Shift Register Replacement                                            ; Auto               ; Auto               ;
; Allow Shift Register Merging across Hierarchies                            ; Auto               ; Auto               ;
; Auto Clock Enable Replacement                                              ; On                 ; On                 ;
; Strict RAM Replacement                                                     ; Off                ; Off                ;
; Allow Synchronous Control Signals                                          ; On                 ; On                 ;
; Force Use of Synchronous Clear Signals                                     ; Off                ; Off                ;
; Auto RAM Block Balancing                                                   ; On                 ; On                 ;
; Auto RAM to Logic Cell Conversion                                          ; Off                ; Off                ;
; Auto Resource Sharing                                                      ; Off                ; Off                ;
; Allow Any RAM Size For Recognition                                         ; Off                ; Off                ;
; Allow Any ROM Size For Recognition                                         ; Off                ; Off                ;
; Allow Any Shift Register Size For Recognition                              ; Off                ; Off                ;
; Use LogicLock Constraints during Resource Balancing                        ; On                 ; On                 ;
; Ignore translate_off and synthesis_off directives                          ; Off                ; Off                ;
; Timing-Driven Synthesis                                                    ; On                 ; On                 ;
; Report Parameter Settings                                                  ; On                 ; On                 ;
; Report Source Assignments                                                  ; On                 ; On                 ;
; Report Connectivity Checks                                                 ; On                 ; On                 ;
; Ignore Maximum Fan-Out Assignments                                         ; Off                ; Off                ;
; Synchronization Register Chain Length                                      ; 2                  ; 2                  ;
; PowerPlay Power Optimization During Synthesis                              ; Normal compilation ; Normal compilation ;
; HDL message level                                                          ; Level2             ; Level2             ;
; Suppress Register Optimization Related Messages                            ; Off                ; Off                ;
; Number of Removed Registers Reported in Synthesis Report                   ; 5000               ; 5000               ;
; Number of Swept Nodes Reported in Synthesis Report                         ; 5000               ; 5000               ;
; Number of Inverted Registers Reported in Synthesis Report                  ; 100                ; 100                ;
; Clock MUX Protection                                                       ; On                 ; On                 ;
; Auto Gated Clock Conversion                                                ; Off                ; Off                ;
; Block Design Naming                                                        ; Auto               ; Auto               ;
; SDC constraint protection                                                  ; Off                ; Off                ;
; Synthesis Effort                                                           ; Auto               ; Auto               ;
; Shift Register Replacement - Allow Asynchronous Clear Signal               ; On                 ; On                 ;
; Pre-Mapping Resynthesis Optimization                                       ; Off                ; Off                ;
; Analysis & Synthesis Message Level                                         ; Medium             ; Medium             ;
; Disable Register Merging Across Hierarchies                                ; Auto               ; Auto               ;
; Resource Aware Inference For Block RAM                                     ; On                 ; On                 ;
; Synthesis Seed                                                             ; 1                  ; 1                  ;
+----------------------------------------------------------------------------+--------------------+--------------------+


Parallel compilation was disabled, but you have multiple processors available. Enable parallel compilation to reduce compilation time.
+-------------------------------------+
; Parallel Compilation                ;
+----------------------------+--------+
; Processors                 ; Number ;
+----------------------------+--------+
; Number detected on machine ; 8      ;
; Maximum allowed            ; 1      ;
+----------------------------+--------+


+---------------------------------------------------------------------------------------------------------------------------------------------------------------+
; Analysis & Synthesis Source Files Read                                                                                                                        ;
+----------------------------------+-----------------+-----------------+------------------------------------------------------------------------------+---------+
; File Name with User-Entered Path ; Used in Netlist ; File Type       ; File Name with Absolute Path                                                 ; Library ;
+----------------------------------+-----------------+-----------------+------------------------------------------------------------------------------+---------+
; PCupdate.vhd                     ; yes             ; User VHDL File  ; C:/Users/xXxpussylordswagxXx/Documents/merdas da uni/AC1/aula 8/PCupdate.vhd ;         ;
+----------------------------------+-----------------+-----------------+------------------------------------------------------------------------------+---------+


+---------------------------------------------------------+
; Analysis & Synthesis Resource Usage Summary             ;
+---------------------------------------------+-----------+
; Resource                                    ; Usage     ;
+---------------------------------------------+-----------+
; Estimated Total logic elements              ; 116       ;
;                                             ;           ;
; Total combinational functions               ; 116       ;
; Logic element usage by number of LUT inputs ;           ;
;     -- 4 input functions                    ; 30        ;
;     -- 3 input functions                    ; 55        ;
;     -- <=2 input functions                  ; 31        ;
;                                             ;           ;
; Logic elements by mode                      ;           ;
;     -- normal mode                          ; 58        ;
;     -- arithmetic mode                      ; 58        ;
;                                             ;           ;
; Total registers                             ; 30        ;
;     -- Dedicated logic registers            ; 30        ;
;     -- I/O registers                        ; 0         ;
;                                             ;           ;
; I/O pins                                    ; 95        ;
;                                             ;           ;
; Embedded Multiplier 9-bit elements          ; 0         ;
;                                             ;           ;
; Maximum fan-out node                        ; clk~input ;
; Maximum fan-out                             ; 30        ;
; Total fan-out                               ; 561       ;
; Average fan-out                             ; 1.67      ;
+---------------------------------------------+-----------+


+-----------------------------------------------------------------------------------------------------------------------------------------------------------------------------+
; Analysis & Synthesis Resource Utilization by Entity                                                                                                                         ;
+----------------------------+-------------------+--------------+-------------+--------------+---------+-----------+------+--------------+---------------------+--------------+
; Compilation Hierarchy Node ; LC Combinationals ; LC Registers ; Memory Bits ; DSP Elements ; DSP 9x9 ; DSP 18x18 ; Pins ; Virtual Pins ; Full Hierarchy Name ; Library Name ;
+----------------------------+-------------------+--------------+-------------+--------------+---------+-----------+------+--------------+---------------------+--------------+
; |PCupdate                  ; 116 (116)         ; 30 (30)      ; 0           ; 0            ; 0       ; 0         ; 95   ; 0            ; |PCupdate           ; work         ;
+----------------------------+-------------------+--------------+-------------+--------------+---------+-----------+------+--------------+---------------------+--------------+
Note: For table entries with two numbers listed, the numbers in parentheses indicate the number of resources of the given type used by the specific entity alone. The numbers listed outside of parentheses indicate the total resources of the given type used by the specific entity and all of its sub-entities in the hierarchy.


+--------------------------------------------------------------------------------+
; Registers Removed During Synthesis                                             ;
+---------------------------------------+----------------------------------------+
; Register name                         ; Reason for Removal                     ;
+---------------------------------------+----------------------------------------+
; s_pc[1]                               ; Merged with s_pc[0]                    ;
; s_pc[0]                               ; Stuck at GND due to stuck port data_in ;
; Total Number of Removed Registers = 2 ;                                        ;
+---------------------------------------+----------------------------------------+


+------------------------------------------------------+
; General Register Statistics                          ;
+----------------------------------------------+-------+
; Statistic                                    ; Value ;
+----------------------------------------------+-------+
; Total registers                              ; 30    ;
; Number of registers using Synchronous Clear  ; 30    ;
; Number of registers using Synchronous Load   ; 0     ;
; Number of registers using Asynchronous Clear ; 0     ;
; Number of registers using Asynchronous Load  ; 0     ;
; Number of registers using Clock Enable       ; 0     ;
; Number of registers using Preset             ; 0     ;
+----------------------------------------------+-------+


+------------------------------------------------------------------------------------------------------------------------------------------+
; Multiplexer Restructuring Statistics (Restructuring Performed)                                                                           ;
+--------------------+-----------+---------------+----------------------+------------------------+------------+----------------------------+
; Multiplexer Inputs ; Bus Width ; Baseline Area ; Area if Restructured ; Saving if Restructured ; Registered ; Example Multiplexer Output ;
+--------------------+-----------+---------------+----------------------+------------------------+------------+----------------------------+
; 3:1                ; 4 bits    ; 8 LEs         ; 8 LEs                ; 0 LEs                  ; Yes        ; |PCupdate|s_pc[28]         ;
; 4:1                ; 26 bits   ; 52 LEs        ; 52 LEs               ; 0 LEs                  ; Yes        ; |PCupdate|s_pc[2]          ;
+--------------------+-----------+---------------+----------------------+------------------------+------------+----------------------------+


+-----------------------------------------------------+
; Post-Synthesis Netlist Statistics for Top Partition ;
+-----------------------+-----------------------------+
; Type                  ; Count                       ;
+-----------------------+-----------------------------+
; boundary_port         ; 95                          ;
; cycloneiii_ff         ; 30                          ;
;     SCLR              ; 30                          ;
; cycloneiii_lcell_comb ; 117                         ;
;     arith             ; 58                          ;
;         2 data inputs ; 29                          ;
;         3 data inputs ; 29                          ;
;     normal            ; 59                          ;
;         0 data inputs ; 1                           ;
;         1 data inputs ; 1                           ;
;         2 data inputs ; 1                           ;
;         3 data inputs ; 26                          ;
;         4 data inputs ; 30                          ;
;                       ;                             ;
; Max LUT depth         ; 5.90                        ;
; Average LUT depth     ; 4.47                        ;
+-----------------------+-----------------------------+


+-------------------------------+
; Elapsed Time Per Partition    ;
+----------------+--------------+
; Partition Name ; Elapsed Time ;
+----------------+--------------+
; Top            ; 00:00:00     ;
+----------------+--------------+


+-------------------------------+
; Analysis & Synthesis Messages ;
+-------------------------------+
Info: *******************************************************************
Info: Running Quartus Prime Analysis & Synthesis
    Info: Version 15.1.1 Build 189 12/02/2015 SJ Lite Edition
    Info: Processing started: Tue Dec 06 15:22:19 2016
Info: Command: quartus_map --read_settings_files=on --write_settings_files=off mips_single_cycle -c mips_single_cycle
Warning (20028): Parallel compilation is not licensed and has been disabled
Info (12021): Found 2 design units, including 1 entities, in source file pcupdate.vhd
    Info (12022): Found design unit 1: PCupdate-Behavioral File: C:/Users/xXxpussylordswagxXx/Documents/merdas da uni/AC1/aula 8/PCupdate.vhd Line: 15
    Info (12023): Found entity 1: PCupdate File: C:/Users/xXxpussylordswagxXx/Documents/merdas da uni/AC1/aula 8/PCupdate.vhd Line: 4
Info (12021): Found 2 design units, including 1 entities, in source file controlunit.vhd
    Info (12022): Found design unit 1: ControlUnit-Behavioral File: C:/Users/xXxpussylordswagxXx/Documents/merdas da uni/AC1/aula 8/ControlUnit.vhd Line: 17
    Info (12023): Found entity 1: ControlUnit File: C:/Users/xXxpussylordswagxXx/Documents/merdas da uni/AC1/aula 8/ControlUnit.vhd Line: 4
Info (12021): Found 2 design units, including 1 entities, in source file instrsplitter.vhd
    Info (12022): Found design unit 1: InstrSplitter-Behavioral File: C:/Users/xXxpussylordswagxXx/Documents/merdas da uni/AC1/aula 8/InstrSplitter.vhd Line: 17
    Info (12023): Found entity 1: InstrSplitter File: C:/Users/xXxpussylordswagxXx/Documents/merdas da uni/AC1/aula 8/InstrSplitter.vhd Line: 4
Info (12021): Found 2 design units, including 1 entities, in source file signextend.vhd
    Info (12022): Found design unit 1: SignExtend-Behavioral File: C:/Users/xXxpussylordswagxXx/Documents/merdas da uni/AC1/aula 8/SignExtend.vhd Line: 10
    Info (12023): Found entity 1: SignExtend File: C:/Users/xXxpussylordswagxXx/Documents/merdas da uni/AC1/aula 8/SignExtend.vhd Line: 4
Info (12021): Found 2 design units, including 1 entities, in source file regfile.vhd
    Info (12022): Found design unit 1: RegFile-Behavioral File: C:/Users/xXxpussylordswagxXx/Documents/merdas da uni/AC1/aula 8/RegFile.vhd Line: 17
    Info (12023): Found entity 1: RegFile File: C:/Users/xXxpussylordswagxXx/Documents/merdas da uni/AC1/aula 8/RegFile.vhd Line: 5
Info (12021): Found 2 design units, including 1 entities, in source file mux2n.vhd
    Info (12022): Found design unit 1: Mux2N-Behavioral File: C:/Users/xXxpussylordswagxXx/Documents/merdas da uni/AC1/aula 8/Mux2N.vhd Line: 12
    Info (12023): Found entity 1: Mux2N File: C:/Users/xXxpussylordswagxXx/Documents/merdas da uni/AC1/aula 8/Mux2N.vhd Line: 4
Info (12021): Found 2 design units, including 1 entities, in source file ram.vhd
    Info (12022): Found design unit 1: RAM-Behavioral File: C:/Users/xXxpussylordswagxXx/Documents/merdas da uni/AC1/aula 8/RAM.vhd Line: 17
    Info (12023): Found entity 1: RAM File: C:/Users/xXxpussylordswagxXx/Documents/merdas da uni/AC1/aula 8/RAM.vhd Line: 5
Info (12021): Found 2 design units, including 1 entities, in source file leftshifter2.vhd
    Info (12022): Found design unit 1: LeftShifter2-Behavioral File: C:/Users/xXxpussylordswagxXx/Documents/merdas da uni/AC1/aula 8/LeftShifter2.vhd Line: 9
    Info (12023): Found entity 1: LeftShifter2 File: C:/Users/xXxpussylordswagxXx/Documents/merdas da uni/AC1/aula 8/LeftShifter2.vhd Line: 4
Info (12021): Found 2 design units, including 1 entities, in source file debounceunit.vhd
    Info (12022): Found design unit 1: DebounceUnit-Behavioral File: C:/Users/xXxpussylordswagxXx/Documents/merdas da uni/AC1/aula 8/DebounceUnit.vhd Line: 15
    Info (12023): Found entity 1: DebounceUnit File: C:/Users/xXxpussylordswagxXx/Documents/merdas da uni/AC1/aula 8/DebounceUnit.vhd Line: 5
Info (12021): Found 2 design units, including 1 entities, in source file displayunit.vhd
    Info (12022): Found design unit 1: DisplayUnit-Behavioral File: C:/Users/xXxpussylordswagxXx/Documents/merdas da uni/AC1/aula 8/DisplayUnit.vhd Line: 34
    Info (12023): Found entity 1: DisplayUnit File: C:/Users/xXxpussylordswagxXx/Documents/merdas da uni/AC1/aula 8/DisplayUnit.vhd Line: 5
Info (12021): Found 2 design units, including 1 entities, in source file instruction_memory.vhd
    Info (12022): Found design unit 1: Instruction_Memory-Behavioral File: C:/Users/xXxpussylordswagxXx/Documents/merdas da uni/AC1/aula 8/Instruction_Memory.vhd Line: 11
    Info (12023): Found entity 1: Instruction_Memory File: C:/Users/xXxpussylordswagxXx/Documents/merdas da uni/AC1/aula 8/Instruction_Memory.vhd Line: 5
Info (12021): Found 2 design units, including 1 entities, in source file alu32.vhd
    Info (12022): Found design unit 1: ALU32-Behavioral File: C:/Users/xXxpussylordswagxXx/Documents/merdas da uni/AC1/aula 8/ALU32.vhd Line: 17
    Info (12023): Found entity 1: ALU32 File: C:/Users/xXxpussylordswagxXx/Documents/merdas da uni/AC1/aula 8/ALU32.vhd Line: 7
Info (12021): Found 1 design units, including 1 entities, in source file cenas.bdf
    Info (12023): Found entity 1: cenas
Info (12021): Found 2 design units, including 1 entities, in source file alucontrolunit.vhd
    Info (12022): Found design unit 1: ALUControlUnit-Behavioral File: C:/Users/xXxpussylordswagxXx/Documents/merdas da uni/AC1/aula 8/ALUControlUnit.vhd Line: 11
    Info (12023): Found entity 1: ALUControlUnit File: C:/Users/xXxpussylordswagxXx/Documents/merdas da uni/AC1/aula 8/ALUControlUnit.vhd Line: 4
Info (12127): Elaborating entity "PCupdate" for the top level hierarchy
Warning (13024): Output pins are stuck at VCC or GND
    Warning (13410): Pin "pc[0]" is stuck at GND File: C:/Users/xXxpussylordswagxXx/Documents/merdas da uni/AC1/aula 8/PCupdate.vhd Line: 12
    Warning (13410): Pin "pc[1]" is stuck at GND File: C:/Users/xXxpussylordswagxXx/Documents/merdas da uni/AC1/aula 8/PCupdate.vhd Line: 12
Info (286030): Timing-Driven Synthesis is running
Info (16010): Generating hard_block partition "hard_block:auto_generated_inst"
    Info (16011): Adding 0 node(s), including 0 DDIO, 0 PLL, 0 transceiver and 0 LCELL
Warning (21074): Design contains 2 input pin(s) that do not drive logic
    Warning (15610): No output dependent on input pin "offset[30]" File: C:/Users/xXxpussylordswagxXx/Documents/merdas da uni/AC1/aula 8/PCupdate.vhd Line: 10
    Warning (15610): No output dependent on input pin "offset[31]" File: C:/Users/xXxpussylordswagxXx/Documents/merdas da uni/AC1/aula 8/PCupdate.vhd Line: 10
Info (21057): Implemented 211 device resources after synthesis - the final resource count might be different
    Info (21058): Implemented 63 input pins
    Info (21059): Implemented 32 output pins
    Info (21061): Implemented 116 logic cells
Info: Quartus Prime Analysis & Synthesis was successful. 0 errors, 7 warnings
    Info: Peak virtual memory: 854 megabytes
    Info: Processing ended: Tue Dec 06 15:22:35 2016
    Info: Elapsed time: 00:00:16
    Info: Total CPU time (on all processors): 00:00:33


